{"message": "Get 'REDIS_HOST' casted as 'None'/'None' with default 'redis'"}
{"message": "Get 'REDIS_HOST' casted as 'None'/'None' with default 'redis'"}
{"message": "Not Found: /", "status_code": 404, "request": "<WSGIRequest: GET '/'>"}
{"message": "Not Found: /favicon.ico", "status_code": 404, "request": "<WSGIRequest: GET '/favicon.ico'>"}
{"message": "Get 'REDIS_HOST' casted as 'None'/'None' with default 'redis'"}
{"message": "Get 'REDIS_HOST' casted as 'None'/'None' with default 'redis'"}
{"message": "Get 'REDIS_HOST' casted as 'None'/'None' with default 'redis'"}
{"message": "Get 'REDIS_HOST' casted as 'None'/'None' with default 'redis'"}
{"message": "Not Found: /favicon.ico", "status_code": 404, "request": "<WSGIRequest: GET '/favicon.ico'>"}
{"message": "Get 'REDIS_HOST' casted as 'None'/'None' with default 'redis'"}
{"message": "Get 'REDIS_HOST' casted as 'None'/'None' with default 'redis'"}
{"message": "Get 'REDIS_HOST' casted as 'None'/'None' with default 'redis'"}
{"message": "Not Found: /favicon.ico", "status_code": 404, "request": "<WSGIRequest: GET '/favicon.ico'>"}
{"message": "Get 'REDIS_HOST' casted as 'None'/'None' with default 'redis'"}
{"message": "Get 'REDIS_HOST' casted as 'None'/'None' with default 'redis'"}
{"message": "Get 'REDIS_HOST' casted as 'None'/'None' with default 'redis'"}
{"message": "Get 'REDIS_HOST' casted as 'None'/'None' with default 'redis'"}
{"message": "unavailable: Database error", "exc_info": "Traceback (most recent call last):\n  File \"/venv/lib/python3.7/site-packages/django/db/backends/utils.py\", line 84, in _execute\n    return self.cursor.execute(sql, params)\npsycopg2.ProgrammingError: relation \"health_check_db_testmodel\" does not exist\nLINE 1: INSERT INTO \"health_check_db_testmodel\" (\"title\") VALUES ('t...\n                    ^\n\n\nThe above exception was the direct cause of the following exception:\n\nTraceback (most recent call last):\n  File \"/venv/lib/python3.7/site-packages/health_check/db/backends.py\", line 15, in check_status\n    obj = TestModel.objects.create(title=\"test\")\n  File \"/venv/lib/python3.7/site-packages/django/db/models/manager.py\", line 82, in manager_method\n    return getattr(self.get_queryset(), name)(*args, **kwargs)\n  File \"/venv/lib/python3.7/site-packages/django/db/models/query.py\", line 422, in create\n    obj.save(force_insert=True, using=self.db)\n  File \"/venv/lib/python3.7/site-packages/django/db/models/base.py\", line 741, in save\n    force_update=force_update, update_fields=update_fields)\n  File \"/venv/lib/python3.7/site-packages/django/db/models/base.py\", line 779, in save_base\n    force_update, using, update_fields,\n  File \"/venv/lib/python3.7/site-packages/django/db/models/base.py\", line 870, in _save_table\n    result = self._do_insert(cls._base_manager, using, fields, update_pk, raw)\n  File \"/venv/lib/python3.7/site-packages/django/db/models/base.py\", line 908, in _do_insert\n    using=using, raw=raw)\n  File \"/venv/lib/python3.7/site-packages/django/db/models/manager.py\", line 82, in manager_method\n    return getattr(self.get_queryset(), name)(*args, **kwargs)\n  File \"/venv/lib/python3.7/site-packages/django/db/models/query.py\", line 1186, in _insert\n    return query.get_compiler(using=using).execute_sql(return_id)\n  File \"/venv/lib/python3.7/site-packages/django/db/models/sql/compiler.py\", line 1335, in execute_sql\n    cursor.execute(sql, params)\n  File \"/venv/lib/python3.7/site-packages/django/db/backends/utils.py\", line 99, in execute\n    return super().execute(sql, params)\n  File \"/venv/lib/python3.7/site-packages/django/db/backends/utils.py\", line 67, in execute\n    return self._execute_with_wrappers(sql, params, many=False, executor=self._execute)\n  File \"/venv/lib/python3.7/site-packages/django/db/backends/utils.py\", line 76, in _execute_with_wrappers\n    return executor(sql, params, many, context)\n  File \"/venv/lib/python3.7/site-packages/django/db/backends/utils.py\", line 84, in _execute\n    return self.cursor.execute(sql, params)\n  File \"/venv/lib/python3.7/site-packages/django/db/utils.py\", line 89, in __exit__\n    raise dj_exc_value.with_traceback(traceback) from exc_value\n  File \"/venv/lib/python3.7/site-packages/django/db/backends/utils.py\", line 84, in _execute\n    return self.cursor.execute(sql, params)\ndjango.db.utils.ProgrammingError: relation \"health_check_db_testmodel\" does not exist\nLINE 1: INSERT INTO \"health_check_db_testmodel\" (\"title\") VALUES ('t...\n                    ^\n\n\nDuring handling of the above exception, another exception occurred:\n\nTraceback (most recent call last):\n  File \"/venv/lib/python3.7/site-packages/health_check/backends.py\", line 30, in run_check\n    self.check_status()\n  File \"/venv/lib/python3.7/site-packages/health_check/db/backends.py\", line 22, in check_status\n    raise ServiceUnavailable(\"Database error\")\nhealth_check.exceptions.ServiceUnavailable: unavailable: Database error"}
{"message": "Internal Server Error: /health/", "status_code": 500, "request": "<WSGIRequest: GET '/health/'>"}
{"message": "Get 'REDIS_HOST' casted as 'None'/'None' with default 'redis'"}
{"message": "Get 'REDIS_HOST' casted as 'None'/'None' with default 'redis'"}
{"message": "Get 'REDIS_HOST' casted as 'None'/'None' with default 'redis'"}
{"message": "Get 'REDIS_HOST' casted as 'None'/'None' with default 'redis'"}
{"message": "Get 'REDIS_HOST' casted as 'None'/'None' with default 'redis'"}
{"message": "Get 'REDIS_HOST' casted as 'None'/'None' with default 'redis'"}
{"message": "Get 'REDIS_HOST' casted as 'None'/'None' with default 'redis'"}
{"message": "Get 'REDIS_HOST' casted as 'None'/'None' with default 'redis'"}
{"message": "Get 'REDIS_HOST' casted as 'None'/'None' with default 'redis'"}
{"message": "Get 'REDIS_HOST' casted as 'None'/'None' with default 'redis'"}
{"message": "Not Found: /favicon.ico", "status_code": 404, "request": "<WSGIRequest: GET '/favicon.ico'>"}
{"message": "Get 'REDIS_HOST' casted as 'None'/'None' with default 'redis'"}
{"message": "Get 'REDIS_HOST' casted as 'None'/'None' with default 'redis'"}
{"message": "Not Found: /favicon.ico", "status_code": 404, "request": "<WSGIRequest: GET '/favicon.ico'>"}
{"message": "Not Found: /favicon.ico", "status_code": 404, "request": "<WSGIRequest: GET '/favicon.ico'>"}
{"message": "Get 'REDIS_HOST' casted as 'None'/'None' with default 'redis'"}
{"message": "Get 'REDIS_HOST' casted as 'None'/'None' with default 'redis'"}
{"message": "Get 'REDIS_HOST' casted as 'None'/'None' with default 'redis'"}
{"message": "Get 'REDIS_HOST' casted as 'None'/'None' with default 'redis'"}
{"message": "Get 'REDIS_HOST' casted as 'None'/'None' with default 'redis'"}
{"message": "Get 'REDIS_HOST' casted as 'None'/'None' with default 'redis'"}
{"message": "Get 'REDIS_HOST' casted as 'None'/'None' with default 'redis'"}
{"message": "Get 'REDIS_HOST' casted as 'None'/'None' with default 'redis'"}
{"message": "Get 'REDIS_HOST' casted as 'None'/'None' with default 'redis'"}
{"message": "Get 'REDIS_HOST' casted as 'None'/'None' with default 'redis'"}
{"message": "Get 'REDIS_HOST' casted as 'None'/'None' with default 'redis'"}
{"message": "Not Found: /favicon.ico", "status_code": 404, "request": "<WSGIRequest: GET '/favicon.ico'>"}
{"message": "Not Found: /favicon.ico", "status_code": 404, "request": "<WSGIRequest: GET '/favicon.ico'>"}
{"message": "Not Found: /favicon.ico", "status_code": 404, "request": "<WSGIRequest: GET '/favicon.ico'>"}
{"message": "Get 'REDIS_HOST' casted as 'None'/'None' with default 'redis'"}
{"message": "Not Found: /lkadslfkasdlfj", "status_code": 404, "request": "<WSGIRequest: GET '/lkadslfkasdlfj'>"}
{"message": "Not Found: /lkadslfkasdlfj", "status_code": 404, "request": "<WSGIRequest: GET '/lkadslfkasdlfj'>"}
{"message": "Not Found: /lkadslfkasdlfj", "status_code": 404, "request": "<WSGIRequest: GET '/lkadslfkasdlfj'>"}
{"message": "Not Found: /lkadslfkasdlfj", "status_code": 404, "request": "<WSGIRequest: GET '/lkadslfkasdlfj'>"}
{"message": "Not Found: /lkadslfkasdlfj", "status_code": 404, "request": "<WSGIRequest: GET '/lkadslfkasdlfj'>"}
{"message": "Not Found: /favicon.ico", "status_code": 404, "request": "<WSGIRequest: GET '/favicon.ico'>"}
{"message": "Not Found: /lkadslfkasdlfj", "status_code": 404, "request": "<WSGIRequest: GET '/lkadslfkasdlfj'>"}
{"message": "Not Found: /favicon.ico", "status_code": 404, "request": "<WSGIRequest: GET '/favicon.ico'>"}
{"message": "Get 'REDIS_HOST' casted as 'None'/'None' with default 'redis'"}
{"message": "Not Found: /lkadslfkasdlfj", "status_code": 404, "request": "<WSGIRequest: GET '/lkadslfkasdlfj'>"}
{"message": "Not Found: /lkadslfkasdlfj", "status_code": 404, "request": "<WSGIRequest: GET '/lkadslfkasdlfj'>"}
{"message": "Get 'REDIS_HOST' casted as 'None'/'None' with default 'redis'"}
{"message": "Not Found: /lkadslfkasdlfj", "status_code": 404, "request": "<WSGIRequest: GET '/lkadslfkasdlfj'>"}
{"message": "Not Found: /lkadslfkasdlfj", "status_code": 404, "request": "<WSGIRequest: GET '/lkadslfkasdlfj'>"}
{"message": "Get 'REDIS_HOST' casted as 'None'/'None' with default 'redis'"}
{"message": "Not Found: /lkadslfkasdlfj", "status_code": 404, "request": "<WSGIRequest: GET '/lkadslfkasdlfj'>"}
{"message": "Not Found: /lkadslfkasdlfj", "status_code": 404, "request": "<WSGIRequest: GET '/lkadslfkasdlfj'>"}
{"message": "Not Found: /lkadslfkasdlfj", "status_code": 404, "request": "<WSGIRequest: GET '/lkadslfkasdlfj'>"}
{"message": "Not Found: /lkadslfkasdlfj", "status_code": 404, "request": "<WSGIRequest: GET '/lkadslfkasdlfj'>"}
{"message": "Get 'REDIS_HOST' casted as 'None'/'None' with default 'redis'"}
{"message": "Not Found: /lkadslfkasdlfj", "status_code": 404, "request": "<WSGIRequest: GET '/lkadslfkasdlfj'>"}
{"message": "Get 'REDIS_HOST' casted as 'None'/'None' with default 'redis'"}
{"message": "Not Found: /lkadslfkasdlfj", "status_code": 404, "request": "<WSGIRequest: GET '/lkadslfkasdlfj'>"}
{"message": "Get 'REDIS_HOST' casted as 'None'/'None' with default 'redis'"}
{"message": "Not Found: /lkadslfkasdlfj", "status_code": 404, "request": "<WSGIRequest: GET '/lkadslfkasdlfj'>"}
{"message": "Not Found: /lkadslfkasdlfj", "status_code": 404, "request": "<WSGIRequest: GET '/lkadslfkasdlfj'>"}
{"message": "Get 'REDIS_HOST' casted as 'None'/'None' with default 'redis'"}
{"message": "Not Found: /lkadslfkasdlfj", "status_code": 404, "request": "<WSGIRequest: GET '/lkadslfkasdlfj'>"}
{"message": "Get 'REDIS_HOST' casted as 'None'/'None' with default 'redis'"}
{"message": "Internal Server Error: /blowup/", "exc_info": "Traceback (most recent call last):\n  File \"/venv/lib/python3.7/site-packages/django/core/handlers/exception.py\", line 34, in inner\n    response = get_response(request)\n  File \"/venv/lib/python3.7/site-packages/django/core/handlers/base.py\", line 115, in _get_response\n    response = self.process_exception_by_middleware(e, request)\n  File \"/venv/lib/python3.7/site-packages/django/core/handlers/base.py\", line 113, in _get_response\n    response = wrapped_callback(request, *callback_args, **callback_kwargs)\n  File \"/venv/lib/python3.7/site-packages/django/views/generic/base.py\", line 71, in view\n    return self.dispatch(request, *args, **kwargs)\n  File \"/venv/lib/python3.7/site-packages/django/views/generic/base.py\", line 97, in dispatch\n    return handler(request, *args, **kwargs)\n  File \"/venv/lib/python3.7/site-packages/django/views/generic/base.py\", line 158, in get\n    context = self.get_context_data(**kwargs)\n  File \"/code/ak/views.py\", line 20, in get_context_data\n    raise ValueError(\"Whoops!\")\nValueError: Whoops!", "status_code": 500, "request": "<WSGIRequest: GET '/blowup/'>"}
{"message": "Get 'REDIS_HOST' casted as 'None'/'None' with default 'redis'"}
{"message": "Get 'REDIS_HOST' casted as 'None'/'None' with default 'redis'"}
{"message": "Get 'REDIS_HOST' casted as 'None'/'None' with default 'redis'"}
{"message": "Get 'REDIS_HOST' casted as 'None'/'None' with default 'redis'"}
{"message": "Internal Server Error: /blowup/", "exc_info": "Traceback (most recent call last):\n  File \"/venv/lib/python3.7/site-packages/django/core/handlers/exception.py\", line 34, in inner\n    response = get_response(request)\n  File \"/venv/lib/python3.7/site-packages/django/core/handlers/base.py\", line 115, in _get_response\n    response = self.process_exception_by_middleware(e, request)\n  File \"/venv/lib/python3.7/site-packages/django/core/handlers/base.py\", line 113, in _get_response\n    response = wrapped_callback(request, *callback_args, **callback_kwargs)\n  File \"/venv/lib/python3.7/site-packages/django/views/generic/base.py\", line 71, in view\n    return self.dispatch(request, *args, **kwargs)\n  File \"/venv/lib/python3.7/site-packages/django/views/generic/base.py\", line 97, in dispatch\n    return handler(request, *args, **kwargs)\n  File \"/venv/lib/python3.7/site-packages/django/views/generic/base.py\", line 158, in get\n    context = self.get_context_data(**kwargs)\n  File \"/code/ak/views.py\", line 20, in get_context_data\n    raise ValueError(\"Whoops!\")\nValueError: Whoops!", "status_code": 500, "request": "<WSGIRequest: GET '/blowup/'>"}
{"message": "Not Found: /favicon.ico", "status_code": 404, "request": "<WSGIRequest: GET '/favicon.ico'>"}
{"message": "Get 'REDIS_HOST' casted as 'None'/'None' with default 'redis'"}
{"message": "Get 'REDIS_HOST' casted as 'None'/'None' with default 'redis'"}
{"message": "Get 'REDIS_HOST' casted as 'None'/'None' with default 'redis'"}
{"message": "Get 'REDIS_HOST' casted as 'None'/'None' with default 'redis'"}
{"message": "Get 'REDIS_HOST' casted as 'None'/'None' with default 'redis'"}
{"message": "Get 'REDIS_HOST' casted as 'None'/'None' with default 'redis'"}
{"message": "Get 'REDIS_HOST' casted as 'None'/'None' with default 'redis'"}
{"message": "Get 'REDIS_HOST' casted as 'None'/'None' with default 'redis'"}
{"message": "Get 'REDIS_HOST' casted as 'None'/'None' with default 'redis'"}
{"message": "Get 'REDIS_HOST' casted as 'None'/'None' with default 'redis'"}
{"message": "Get 'REDIS_HOST' casted as 'None'/'None' with default 'redis'"}
{"message": "Get 'REDIS_HOST' casted as 'None'/'None' with default 'redis'"}
{"message": "Get 'REDIS_HOST' casted as 'None'/'None' with default 'redis'"}
{"message": "Get 'REDIS_HOST' casted as 'None'/'None' with default 'redis'"}
{"message": "Get 'REDIS_HOST' casted as 'None'/'None' with default 'redis'"}
{"message": "Get 'REDIS_HOST' casted as 'None'/'None' with default 'redis'"}
{"message": "Get 'REDIS_HOST' casted as 'None'/'None' with default 'redis'"}
{"message": "Get 'REDIS_HOST' casted as 'None'/'None' with default 'redis'"}
{"message": "Get 'REDIS_HOST' casted as 'None'/'None' with default 'redis'"}
{"message": "Get 'REDIS_HOST' casted as 'None'/'None' with default 'redis'"}
{"message": "Get 'REDIS_HOST' casted as 'None'/'None' with default 'redis'"}
{"message": "Get 'REDIS_HOST' casted as 'None'/'None' with default 'redis'"}
{"message": "Get 'REDIS_HOST' casted as 'None'/'None' with default 'redis'"}
{"message": "Get 'REDIS_HOST' casted as 'None'/'None' with default 'redis'"}
